new MysqlHelper 0
new MysqlHelper 1
new MysqlHelper 2
new MysqlHelper 3
new MysqlHelper 4
new MysqlHelper 5
new MysqlHelper 6
new MysqlHelper 7
new MysqlHelper 8
new MysqlHelper 9
new MysqlHelper 10
new MysqlHelper 11
new MysqlHelper 12
new MysqlHelper 13
new MysqlHelper 14
new MysqlHelper 15
new MysqlHelper 16
new MysqlHelper 17
new MysqlHelper 18
new MysqlHelper 19
mysql connect_pool start success
[I1680256381 oj_model.hpp:53] Load3 questions
7777
7777
7777
7777
execute fail
7777
7777
execute fail
888
888
mmm
mmm
new MysqlHelper 0
new MysqlHelper 1
new MysqlHelper 2
new MysqlHelper 3
new MysqlHelper 4
new MysqlHelper 5
new MysqlHelper 6
new MysqlHelper 7
new MysqlHelper 8
new MysqlHelper 9
new MysqlHelper 10
new MysqlHelper 11
new MysqlHelper 12
new MysqlHelper 13
new MysqlHelper 14
new MysqlHelper 15
new MysqlHelper 16
new MysqlHelper 17
new MysqlHelper 18
new MysqlHelper 19
mysql connect_pool start success
[I1681392081 oj_model.hpp:53] Load3 questions
qqq
qqq
new MysqlHelper 0
new MysqlHelper 1
new MysqlHelper 2
new MysqlHelper 3
new MysqlHelper 4
new MysqlHelper 5
new MysqlHelper 6
new MysqlHelper 7
new MysqlHelper 8
new MysqlHelper 9
new MysqlHelper 10
new MysqlHelper 11
new MysqlHelper 12
new MysqlHelper 13
new MysqlHelper 14
new MysqlHelper 15
new MysqlHelper 16
new MysqlHelper 17
new MysqlHelper 18
new MysqlHelper 19
mysql connect_pool start success
[I1681891470 oj_model.hpp:53] Load3 questions
www
www
new MysqlHelper 0
new MysqlHelper 1
new MysqlHelper 2
new MysqlHelper 3
new MysqlHelper 4
new MysqlHelper 5
new MysqlHelper 6
new MysqlHelper 7
new MysqlHelper 8
new MysqlHelper 9
new MysqlHelper 10
new MysqlHelper 11
new MysqlHelper 12
new MysqlHelper 13
new MysqlHelper 14
new MysqlHelper 15
new MysqlHelper 16
new MysqlHelper 17
new MysqlHelper 18
new MysqlHelper 19
mysql connect_pool start success
[I1683874102 oj_model.hpp:53] Load3 questions
hyt
123456
www
www
